<?xml version="1.0" encoding="UTF-8"?>
<!-- Generated by org.testng.reporters.JUnitReportReporter -->
<testsuite hostname="MIINDB066XT2" failures="0" tests="1" name="api.tests.PartialUpdateVerification" time="3.959" errors="0" timestamp="2022-07-11T18:11:04 IST" skipped="0">
  <testcase classname="api.tests.PartialUpdateVerification" name="updateBooking" time="3.959"/>
  <system-out/>
</testsuite> <!-- api.tests.PartialUpdateVerification -->
