<?xml version="1.0" encoding="UTF-8"?>
<!-- Generated by org.testng.reporters.JUnitReportReporter -->
<testsuite hostname="MIINDB066XT2" failures="0" tests="4" name="api.tests.BookingTest" time="12.164" errors="0" timestamp="2022-07-11T18:11:04 IST" skipped="0">
  <testcase classname="api.tests.BookingTest" name="updateBooking" time="4.092"/>
  <system-out/>
  <testcase classname="api.tests.BookingTest" name="createBooking" time="1.775"/>
  <system-out/>
  <testcase classname="api.tests.BookingTest" name="getBooking" time="2.645"/>
  <system-out/>
  <testcase classname="api.tests.BookingTest" name="deleteBooking" time="3.652"/>
  <system-out/>
</testsuite> <!-- api.tests.BookingTest -->
